<?xml version="1.0" encoding="UTF-8"?>
<!-- Generated by org.testng.reporters.JUnitReportReporter -->
<testsuite hostname="DESKTOP-T3DPQHB" failures="0" tests="1" name="test.ForgotPageTest" time="9.890" errors="0" timestamp="2022-08-18T10:44:55 IST" skipped="0">
  <testcase classname="test.ForgotPageTest" name="zerodhaForgot" time="9.890"/>
  <system-out/>
</testsuite> <!-- test.ForgotPageTest -->
