<?xml version="1.0" encoding="UTF-8"?>
<!-- Generated by org.testng.reporters.JUnitReportReporter -->
<testsuite hostname="DESKTOP-T3DPQHB" failures="0" tests="3" name="test.LogInPageTest" time="21.614" errors="0" timestamp="2022-08-27T12:15:38 IST" skipped="0">
  <testcase classname="test.LogInPageTest" name="data" time="4.096"/>
  <system-out/>
  <testcase classname="test.LogInPageTest" name="data" time="4.140"/>
  <system-out/>
  <testcase classname="test.LogInPageTest" name="data" time="13.378"/>
  <system-out/>
</testsuite> <!-- test.LogInPageTest -->
