<?xml version="1.0" encoding="UTF-8"?>
<!-- Generated by org.testng.reporters.JUnitReportReporter -->
<testsuite hostname="DESKTOP-T3DPQHB" failures="0" tests="1" name="test.BuyStockTest" time="14.046" errors="0" timestamp="2022-08-25T12:00:01 IST" skipped="0">
  <testcase classname="test.BuyStockTest" name="ClickOnIntradayAndBuyStock" time="14.046"/>
  <system-out/>
</testsuite> <!-- test.BuyStockTest -->
