<?xml version="1.0" encoding="UTF-8"?>
<!-- Generated by org.testng.reporters.JUnitReportReporter -->
<testsuite hostname="DESKTOP-T3DPQHB" failures="0" tests="1" name="test.SignUpPageTest" time="8.312" errors="0" timestamp="2022-08-18T10:51:14 IST" skipped="0">
  <testcase classname="test.SignUpPageTest" name="zerodhaSignUp" time="8.312"/>
  <system-out/>
</testsuite> <!-- test.SignUpPageTest -->
