<?xml version="1.0" encoding="UTF-8"?>
<!-- Generated by org.testng.reporters.JUnitReportReporter -->
<testsuite hostname="DESKTOP-T3DPQHB" failures="0" tests="1" name="test.HomePageTest" time="15.181" errors="0" timestamp="2022-08-22T11:22:35 IST" skipped="0">
  <testcase classname="test.HomePageTest" name="searchStockAndDelete" time="15.181"/>
  <system-out/>
</testsuite> <!-- test.HomePageTest -->
